<?xml version="1.0" encoding="UTF-8"?>
<testng-results skipped="0" failed="0" total="1" passed="1">
  <reporter-output>
  </reporter-output>
  <suite name="Default suite" duration-ms="24661" started-at="2015-11-25T11:09:25Z" finished-at="2015-11-25T11:09:50Z">
    <groups>
    </groups>
    <test name="Default test" duration-ms="24661" started-at="2015-11-25T11:09:25Z" finished-at="2015-11-25T11:09:50Z">
      <class name="Selenium.Test2.SeleniumTest2.F2">
        <test-method status="PASS" signature="setUp()" name="setUp" is-config="true" duration-ms="3171" started-at="2015-11-25T11:09:25Z" finished-at="2015-11-25T11:09:29Z">
        </test-method>
        <test-method status="PASS" signature="testUntitled2()" name="testUntitled2" duration-ms="19448" started-at="2015-11-25T11:09:29Z" finished-at="2015-11-25T11:09:48Z">
        </test-method>
        <test-method status="PASS" signature="tearDown()" name="tearDown" is-config="true" duration-ms="2029" started-at="2015-11-25T11:09:48Z" finished-at="2015-11-25T11:09:50Z">
        </test-method>
      </class>
    </test>
  </suite>
</testng-results>
